<?xml version="1.0" encoding="UTF-8"?>
<!-- Generated by org.testng.reporters.JUnitReportReporter -->
<testsuite name="com.sentinel.test.AddContactWithLoginFunctionalityTestSuite" tests="1" time="161.649" ignored="7" failures="0" timestamp="17 Aug 2018 07:00:35 GMT" skipped="0" hostname="CIPL-1PC28" errors="0">
  <testcase name="verifyAddContactPageLayout" time="161.649" classname="com.sentinel.test.AddContactWithLoginFunctionalityTestSuite"/>
  <testcase name="verifyEmailGeneratedResetPasswordAndLinkExpired" classname="com.sentinel.test.AddContactWithLoginFunctionalityTestSuite">
    <skipped/>
  </testcase> <!-- verifyEmailGeneratedResetPasswordAndLinkExpired -->
  <testcase name="verifyEditContactPageLayout" classname="com.sentinel.test.AddContactWithLoginFunctionalityTestSuite">
    <skipped/>
  </testcase> <!-- verifyEditContactPageLayout -->
  <testcase name="verifyEditCreatedContactFunctionality" classname="com.sentinel.test.AddContactWithLoginFunctionalityTestSuite">
    <skipped/>
  </testcase> <!-- verifyEditCreatedContactFunctionality -->
  <testcase name="verifyNewContactAddedvaluesInDataBase" classname="com.sentinel.test.AddContactWithLoginFunctionalityTestSuite">
    <skipped/>
  </testcase> <!-- verifyNewContactAddedvaluesInDataBase -->
  <testcase name="verifyNewContactFieldsErrorMessages" classname="com.sentinel.test.AddContactWithLoginFunctionalityTestSuite">
    <skipped/>
  </testcase> <!-- verifyNewContactFieldsErrorMessages -->
  <testcase name="verifyEditContactResendUserNameFunctionality" classname="com.sentinel.test.AddContactWithLoginFunctionalityTestSuite">
    <skipped/>
  </testcase> <!-- verifyEditContactResendUserNameFunctionality -->
  <testcase name="verifyNewContactFieldsLayout" classname="com.sentinel.test.AddContactWithLoginFunctionalityTestSuite">
    <skipped/>
  </testcase> <!-- verifyNewContactFieldsLayout -->
</testsuite> <!-- com.sentinel.test.AddContactWithLoginFunctionalityTestSuite -->
