<?xml version="1.0" encoding="UTF-8"?>
<!-- Generated by org.testng.reporters.JUnitReportReporter -->
<testsuite name="com.sentinel.test.CreateFacilityTestSuite" tests="1" time="54.082" ignored="2" failures="0" timestamp="27 Jul 2018 07:11:08 GMT" skipped="0" hostname="CIPL-1PC28" errors="0">
  <testcase name="verifyFacilityCreateLayout" time="54.082" classname="com.sentinel.test.CreateFacilityTestSuite"/>
  <testcase name="verifyFacilityFormCreated" classname="com.sentinel.test.CreateFacilityTestSuite">
    <skipped/>
  </testcase> <!-- verifyFacilityFormCreated -->
  <testcase name="verifyFacilityCreateErrorMessages" classname="com.sentinel.test.CreateFacilityTestSuite">
    <skipped/>
  </testcase> <!-- verifyFacilityCreateErrorMessages -->
</testsuite> <!-- com.sentinel.test.CreateFacilityTestSuite -->
