<?xml version="1.0" encoding="UTF-8"?>
<!-- Generated by org.testng.reporters.JUnitReportReporter -->
<testsuite name="com.sentinel.test.DepartmentManagementTestSuite" tests="1" time="477.273" ignored="9" failures="0" timestamp="29 Aug 2018 06:57:36 GMT" skipped="0" hostname="CIPL-1PC28" errors="0">
  <testcase name="verifyAdminDepartmentInacticateFunctionality" time="477.273" classname="com.sentinel.test.DepartmentManagementTestSuite"/>
  <testcase name="verifyDepartmentManagementPageLayout" classname="com.sentinel.test.DepartmentManagementTestSuite">
    <skipped/>
  </testcase> <!-- verifyDepartmentManagementPageLayout -->
  <testcase name="addAndVerifyFacilityDepartment" classname="com.sentinel.test.DepartmentManagementTestSuite">
    <skipped/>
  </testcase> <!-- addAndVerifyFacilityDepartment -->
  <testcase name="verifyErrorMessagesAndSearchFunctionality" classname="com.sentinel.test.DepartmentManagementTestSuite">
    <skipped/>
  </testcase> <!-- verifyErrorMessagesAndSearchFunctionality -->
  <testcase name="verifyFacilityDepartmentLayout" classname="com.sentinel.test.DepartmentManagementTestSuite">
    <skipped/>
  </testcase> <!-- verifyFacilityDepartmentLayout -->
  <testcase name="verifyNewlyAddedDepartment" classname="com.sentinel.test.DepartmentManagementTestSuite">
    <skipped/>
  </testcase> <!-- verifyNewlyAddedDepartment -->
  <testcase name="addDepartmentToContact" classname="com.sentinel.test.DepartmentManagementTestSuite">
    <skipped/>
  </testcase> <!-- addDepartmentToContact -->
  <testcase name="verifyDefaultDepartmentAdminCreatedDepartment" classname="com.sentinel.test.DepartmentManagementTestSuite">
    <skipped/>
  </testcase> <!-- verifyDefaultDepartmentAdminCreatedDepartment -->
  <testcase name="verifyFacilityDepartmentInacticateFunctionality" classname="com.sentinel.test.DepartmentManagementTestSuite">
    <skipped/>
  </testcase> <!-- verifyFacilityDepartmentInacticateFunctionality -->
  <testcase name="verifyNewDepartmentPageLayout" classname="com.sentinel.test.DepartmentManagementTestSuite">
    <skipped/>
  </testcase> <!-- verifyNewDepartmentPageLayout -->
</testsuite> <!-- com.sentinel.test.DepartmentManagementTestSuite -->
