<?xml version="1.0" encoding="UTF-8"?>
<!-- Generated by org.testng.reporters.JUnitReportReporter -->
<testsuite name="com.sentinel.test.CreateCorporateTestSuite" tests="1" time="92.274" ignored="0" failures="0" timestamp="06 Sep 2018 09:28:29 GMT" skipped="0" hostname="CIPL-1PC28" errors="0">
  <testcase name="verifyFacilityCreateLayout" time="92.274" classname="com.sentinel.test.CreateCorporateTestSuite"/>
</testsuite> <!-- com.sentinel.test.CreateCorporateTestSuite -->
