<?xml version="1.0" encoding="UTF-8"?>
<!-- Generated by org.testng.reporters.JUnitReportReporter -->
<testsuite name="com.sentinel.test.SignUpTestSuite" tests="1" time="97.826" ignored="9" failures="0" timestamp="17 Aug 2018 07:12:03 GMT" skipped="0" hostname="CIPL-1PC28" errors="0">
  <testcase name="verifyMaxLimitValidUsernameInvalidPassword" time="97.826" classname="com.sentinel.test.SignUpTestSuite"/>
  <testcase name="verifyOTPErrorMessagesAndInvalidOTPErrorMessages" classname="com.sentinel.test.SignUpTestSuite">
    <skipped/>
  </testcase> <!-- verifyOTPErrorMessagesAndInvalidOTPErrorMessages -->
  <testcase name="verifyResetPasswordFunctionality" classname="com.sentinel.test.SignUpTestSuite">
    <skipped/>
  </testcase> <!-- verifyResetPasswordFunctionality -->
  <testcase name="verifyMaxLimitResendOTPS" classname="com.sentinel.test.SignUpTestSuite">
    <skipped/>
  </testcase> <!-- verifyMaxLimitResendOTPS -->
  <testcase name="verifyResetPasswordErrorMessages" classname="com.sentinel.test.SignUpTestSuite">
    <skipped/>
  </testcase> <!-- verifyResetPasswordErrorMessages -->
  <testcase name="verifyForgetUsernameOrPasswordPageElements" classname="com.sentinel.test.SignUpTestSuite">
    <skipped/>
  </testcase> <!-- verifyForgetUsernameOrPasswordPageElements -->
  <testcase name="verifyResendUserName" classname="com.sentinel.test.SignUpTestSuite">
    <skipped/>
  </testcase> <!-- verifyResendUserName -->
  <testcase name="verifyErrorMessages" classname="com.sentinel.test.SignUpTestSuite">
    <skipped/>
  </testcase> <!-- verifyErrorMessages -->
  <testcase name="verifyMaxLimitResetPasswordMail" classname="com.sentinel.test.SignUpTestSuite">
    <skipped/>
  </testcase> <!-- verifyMaxLimitResetPasswordMail -->
  <testcase name="verifySentinalSignUpPageLayout" classname="com.sentinel.test.SignUpTestSuite">
    <skipped/>
  </testcase> <!-- verifySentinalSignUpPageLayout -->
</testsuite> <!-- com.sentinel.test.SignUpTestSuite -->
