<?xml version="1.0" encoding="UTF-8"?>
<!-- Generated by org.testng.reporters.JUnitReportReporter -->
<testsuite name="com.sentinel.test.SignUpTest" tests="1" time="47.061" ignored="9" failures="0" timestamp="26 Jun 2018 13:40:29 GMT" skipped="0" hostname="CIPL-1PC28" errors="0">
  <testcase name="verifyMaxLimitValidUsernameInvalidPassword" time="47.061" classname="com.sentinel.test.SignUpTest"/>
  <testcase name="verifyErrorMessages" classname="com.sentinel.test.SignUpTest">
    <skipped/>
  </testcase> <!-- verifyErrorMessages -->
  <testcase name="verifyMaxLimitResetPasswordMail" classname="com.sentinel.test.SignUpTest">
    <skipped/>
  </testcase> <!-- verifyMaxLimitResetPasswordMail -->
  <testcase name="verifySentinalSignUpPageLayout" classname="com.sentinel.test.SignUpTest">
    <skipped/>
  </testcase> <!-- verifySentinalSignUpPageLayout -->
  <testcase name="verifyForgetUsernameOrPasswordPageElements" classname="com.sentinel.test.SignUpTest">
    <skipped/>
  </testcase> <!-- verifyForgetUsernameOrPasswordPageElements -->
  <testcase name="verifyMaxLimitResendOTPS" classname="com.sentinel.test.SignUpTest">
    <skipped/>
  </testcase> <!-- verifyMaxLimitResendOTPS -->
  <testcase name="verifyResendUserName" classname="com.sentinel.test.SignUpTest">
    <skipped/>
  </testcase> <!-- verifyResendUserName -->
  <testcase name="verifyOTPErrorMessagesAndInvalidOTPErrorMessages" classname="com.sentinel.test.SignUpTest">
    <skipped/>
  </testcase> <!-- verifyOTPErrorMessagesAndInvalidOTPErrorMessages -->
  <testcase name="verifyResetPasswordFunctionality" classname="com.sentinel.test.SignUpTest">
    <skipped/>
  </testcase> <!-- verifyResetPasswordFunctionality -->
  <testcase name="verifyResetPasswordErrorMessages" classname="com.sentinel.test.SignUpTest">
    <skipped/>
  </testcase> <!-- verifyResetPasswordErrorMessages -->
</testsuite> <!-- com.sentinel.test.SignUpTest -->
