<?xml version="1.0" encoding="UTF-8"?>
<!-- Generated by org.testng.reporters.JUnitReportReporter -->
<testsuite name="com.sentinel.test.verifyFacilityListingAndCreateAddress" tests="1" time="145.290" ignored="5" failures="0" timestamp="08 Aug 2018 08:59:06 GMT" skipped="0" hostname="CIPL-1PC28" errors="0">
  <testcase name="verifyFacilityFilter" time="145.290" classname="com.sentinel.test.verifyFacilityListingAndCreateAddress"/>
  <testcase name="verifyNewAddressFieldsErrorMessages" classname="com.sentinel.test.verifyFacilityListingAndCreateAddress">
    <skipped/>
  </testcase> <!-- verifyNewAddressFieldsErrorMessages -->
  <testcase name="verifyNewAddressFieldsLayout" classname="com.sentinel.test.verifyFacilityListingAndCreateAddress">
    <skipped/>
  </testcase> <!-- verifyNewAddressFieldsLayout -->
  <testcase name="verifyAddressPageLayout" classname="com.sentinel.test.verifyFacilityListingAndCreateAddress">
    <skipped/>
  </testcase> <!-- verifyAddressPageLayout -->
  <testcase name="verifyFacilityPageLayout" classname="com.sentinel.test.verifyFacilityListingAndCreateAddress">
    <skipped/>
  </testcase> <!-- verifyFacilityPageLayout -->
  <testcase name="verifyNewAddressFieldsWithDataBase" classname="com.sentinel.test.verifyFacilityListingAndCreateAddress">
    <skipped/>
  </testcase> <!-- verifyNewAddressFieldsWithDataBase -->
</testsuite> <!-- com.sentinel.test.verifyFacilityListingAndCreateAddress -->
