<?xml version="1.0" encoding="UTF-8"?>
<!-- Generated by org.testng.reporters.JUnitReportReporter -->
<testsuite name="com.j2.test.SignUpTest" tests="1" time="64.863" ignored="8" failures="1" timestamp="26 Jun 2018 06:00:31 GMT" skipped="0" hostname="CIPL-1PC28" errors="0">
  <testcase name="verifyMaxLimitResendOTPS" time="64.863" classname="com.j2.test.SignUpTest">
    <failure type="java.lang.AssertionError" message="The OTP resend Maximum Limit message is not expected . Expected Message is - &#039;We have sent otp to your email/sms. Please check your inbox!.&#039; . expected [true] but found [false]">
      <![CDATA[java.lang.AssertionError: The OTP resend Maximum Limit message is not expected . Expected Message is - 'We have sent otp to your email/sms. Please check your inbox!.' . expected [true] but found [false]
	at org.testng.Assert.fail(Assert.java:94)
	at org.testng.Assert.failNotEquals(Assert.java:513)
	at org.testng.Assert.assertTrue(Assert.java:42)
	at com.j2.pages.SignInPage.verifyEnteringOTPReceivedOnEmailedMaximumTimes(SignInPage.java:1447)
	at com.j2.test.SignUpTest.verifyMaxLimitResendOTPS(SignUpTest.java:305)
	at sun.reflect.NativeMethodAccessorImpl.invoke0(Native Method)
	at sun.reflect.NativeMethodAccessorImpl.invoke(Unknown Source)
	at sun.reflect.DelegatingMethodAccessorImpl.invoke(Unknown Source)
	at java.lang.reflect.Method.invoke(Unknown Source)
	at org.testng.internal.MethodInvocationHelper.invokeMethod(MethodInvocationHelper.java:104)
	at org.testng.internal.Invoker.invokeMethod(Invoker.java:645)
	at org.testng.internal.Invoker.invokeTestMethod(Invoker.java:851)
	at org.testng.internal.Invoker.invokeTestMethods(Invoker.java:1177)
	at org.testng.internal.TestMethodWorker.invokeTestMethods(TestMethodWorker.java:129)
	at org.testng.internal.TestMethodWorker.run(TestMethodWorker.java:112)
	at org.testng.TestRunner.privateRun(TestRunner.java:756)
	at org.testng.TestRunner.run(TestRunner.java:610)
	at org.testng.SuiteRunner.runTest(SuiteRunner.java:387)
	at org.testng.SuiteRunner.runSequentially(SuiteRunner.java:382)
	at org.testng.SuiteRunner.privateRun(SuiteRunner.java:340)
	at org.testng.SuiteRunner.run(SuiteRunner.java:289)
	at org.testng.SuiteRunnerWorker.runSuite(SuiteRunnerWorker.java:52)
	at org.testng.SuiteRunnerWorker.run(SuiteRunnerWorker.java:86)
	at org.testng.TestNG.runSuitesSequentially(TestNG.java:1293)
	at org.testng.TestNG.runSuitesLocally(TestNG.java:1218)
	at org.testng.TestNG.runSuites(TestNG.java:1133)
	at org.testng.TestNG.run(TestNG.java:1104)
	at org.testng.remote.AbstractRemoteTestNG.run(AbstractRemoteTestNG.java:114)
	at org.testng.remote.RemoteTestNG.initAndRun(RemoteTestNG.java:251)
	at org.testng.remote.RemoteTestNG.main(RemoteTestNG.java:77)
]]>
    </failure>
  </testcase> <!-- verifyMaxLimitResendOTPS -->
  <testcase name="verifyResetPasswordErrorMessages" classname="com.j2.test.SignUpTest">
    <skipped/>
  </testcase> <!-- verifyResetPasswordErrorMessages -->
  <testcase name="verifyOTPErrorMessagesAndInvalidOTPErrorMessages" classname="com.j2.test.SignUpTest">
    <skipped/>
  </testcase> <!-- verifyOTPErrorMessagesAndInvalidOTPErrorMessages -->
  <testcase name="verifySentinalSignUpPageLayout" classname="com.j2.test.SignUpTest">
    <skipped/>
  </testcase> <!-- verifySentinalSignUpPageLayout -->
  <testcase name="verifyResetPasswordFunctionality" classname="com.j2.test.SignUpTest">
    <skipped/>
  </testcase> <!-- verifyResetPasswordFunctionality -->
  <testcase name="verifyResendUserName" classname="com.j2.test.SignUpTest">
    <skipped/>
  </testcase> <!-- verifyResendUserName -->
  <testcase name="verifyMaxLimitResetPasswordMail" classname="com.j2.test.SignUpTest">
    <skipped/>
  </testcase> <!-- verifyMaxLimitResetPasswordMail -->
  <testcase name="verifyErrorMessages" classname="com.j2.test.SignUpTest">
    <skipped/>
  </testcase> <!-- verifyErrorMessages -->
  <testcase name="verifyForgetUsernameOrPasswordPageElements" classname="com.j2.test.SignUpTest">
    <skipped/>
  </testcase> <!-- verifyForgetUsernameOrPasswordPageElements -->
</testsuite> <!-- com.j2.test.SignUpTest -->
