<?xml version="1.0" encoding="UTF-8"?>
<!-- Generated by org.testng.reporters.JUnitReportReporter -->
<testsuite name="com.sentinel.test.CreateFacilityTest" tests="1" time="56.011" ignored="0" failures="0" timestamp="27 Jun 2018 10:43:25 GMT" skipped="0" hostname="CIPL-1PC28" errors="0">
  <testcase name="verifyFacilityCreateLayout" time="56.011" classname="com.sentinel.test.CreateFacilityTest"/>
</testsuite> <!-- com.sentinel.test.CreateFacilityTest -->
