<?xml version="1.0" encoding="UTF-8"?>
<!-- Generated by org.testng.reporters.JUnitReportReporter -->
<testsuite name="com.sentinel.test.CreateAddressAndVerifyFacilityListing" tests="1" time="19.833" ignored="0" failures="0" timestamp="16 Jul 2018 05:04:41 GMT" skipped="0" hostname="CIPL-1PC28" errors="0">
  <testcase name="verifyFacilityFormCreated" time="19.833" classname="com.sentinel.test.CreateAddressAndVerifyFacilityListing"/>
</testsuite> <!-- com.sentinel.test.CreateAddressAndVerifyFacilityListing -->
